<?xml version="1.0" encoding="UTF-8"?>
<testng-results skipped="0" failed="0" ignored="0" total="2" passed="2">
  <reporter-output>
  </reporter-output>
  <suite name="Default suite" duration-ms="94" started-at="2018-04-14T12:47:57Z" finished-at="2018-04-14T12:47:57Z">
    <groups>
    </groups>
    <test name="Default test" duration-ms="94" started-at="2018-04-14T12:47:57Z" finished-at="2018-04-14T12:47:57Z">
      <class name="testNgannotations.TestNgannotations">
        <test-method status="PASS" signature="BeforeMethod()[pri:0, instance:testNgannotations.TestNgannotations@25b2fe]" name="BeforeMethod" is-config="true" duration-ms="12" started-at="2018-04-14T18:17:57Z" finished-at="2018-04-14T18:17:57Z">
          <reporter-output>
          </reporter-output>
        </test-method> <!-- BeforeMethod -->
        <test-method status="PASS" signature="beforesoft()[pri:0, instance:testNgannotations.TestNgannotations@25b2fe]" name="beforesoft" duration-ms="18" started-at="2018-04-14T18:17:57Z" finished-at="2018-04-14T18:17:57Z">
          <reporter-output>
          </reporter-output>
        </test-method> <!-- beforesoft -->
        <test-method status="PASS" signature="AfterMethod()[pri:0, instance:testNgannotations.TestNgannotations@25b2fe]" name="AfterMethod" is-config="true" duration-ms="1" started-at="2018-04-14T18:17:57Z" finished-at="2018-04-14T18:17:57Z">
          <reporter-output>
          </reporter-output>
        </test-method> <!-- AfterMethod -->
        <test-method status="PASS" signature="BeforeMethod()[pri:0, instance:testNgannotations.TestNgannotations@25b2fe]" name="BeforeMethod" is-config="true" duration-ms="1" started-at="2018-04-14T18:17:57Z" finished-at="2018-04-14T18:17:57Z">
          <reporter-output>
          </reporter-output>
        </test-method> <!-- BeforeMethod -->
        <test-method status="PASS" signature="test1()[pri:0, instance:testNgannotations.TestNgannotations@25b2fe]" name="test1" duration-ms="4" started-at="2018-04-14T18:17:57Z" finished-at="2018-04-14T18:17:57Z">
          <reporter-output>
          </reporter-output>
        </test-method> <!-- test1 -->
        <test-method status="PASS" signature="AfterMethod()[pri:0, instance:testNgannotations.TestNgannotations@25b2fe]" name="AfterMethod" is-config="true" duration-ms="0" started-at="2018-04-14T18:17:57Z" finished-at="2018-04-14T18:17:57Z">
          <reporter-output>
          </reporter-output>
        </test-method> <!-- AfterMethod -->
      </class> <!-- testNgannotations.TestNgannotations -->
    </test> <!-- Default test -->
  </suite> <!-- Default suite -->
</testng-results>
